<?xml version="1.0" encoding="UTF-8"?>
<!-- Generated by org.testng.reporters.JUnitReportReporter -->
<testsuite hostname="QB-CLT-1553" failures="0" tests="5" name="cucumberOptions.TestRunner" time="131.032" errors="0" timestamp="2022-08-07T19:35:56 IST" skipped="0">
  <testcase classname="cucumberOptions.TestRunner" name="runScenario" time="25.908"/>
  <system-out/>
  <testcase classname="cucumberOptions.TestRunner" name="runScenario" time="25.192"/>
  <system-out/>
  <testcase classname="cucumberOptions.TestRunner" name="runScenario" time="24.826"/>
  <system-out/>
  <testcase classname="cucumberOptions.TestRunner" name="runScenario" time="26.127"/>
  <system-out/>
  <testcase classname="cucumberOptions.TestRunner" name="runScenario" time="28.979"/>
  <system-out/>
</testsuite> <!-- cucumberOptions.TestRunner -->
